{
  "stats": {
    "suites": 2,
    "tests": 1,
    "passes": 0,
    "pending": 0,
    "failures": 1,
    "start": "2021-05-02T10:21:55.121Z",
    "end": "2021-05-02T10:21:55.148Z",
    "duration": 27,
    "testsRegistered": 1,
    "passPercent": 0,
    "pendingPercent": 0,
    "other": 0,
    "hasOther": false,
    "skipped": 0,
    "hasSkipped": false
  },
  "results": [
    {
      "uuid": "09653220-0e2e-42e7-b952-b85c3af6991a",
      "title": "",
      "fullFile": "",
      "file": "",
      "beforeHooks": [],
      "afterHooks": [],
      "tests": [],
      "suites": [
        {
          "uuid": "ae5dfea4-3bb1-48a9-8306-bb3f1adb76d3",
          "title": "Schema Test",
          "fullFile": "C:\\Users\\Administrator\\OneDrive\\桌面\\API Testing\\banking-api-tests\\test\\schema.test.js",
          "file": "\\test\\schema.test.js",
          "beforeHooks": [],
          "afterHooks": [],
          "tests": [],
          "suites": [
            {
              "uuid": "d7b841fc-dc2e-4a67-ae6a-fc60dc5aacbf",
              "title": "BankingProductFee Schema Test",
              "fullFile": "C:\\Users\\Administrator\\OneDrive\\桌面\\API Testing\\banking-api-tests\\test\\schema.test.js",
              "file": "\\test\\schema.test.js",
              "beforeHooks": [],
              "afterHooks": [],
              "tests": [
                {
                  "title": "return error when name field is missing",
                  "fullTitle": "Schema Test BankingProductFee Schema Test return error when name field is missing",
                  "timedOut": false,
                  "duration": 15,
                  "state": "failed",
                  "speed": null,
                  "pass": false,
                  "fail": true,
                  "pending": false,
                  "context": null,
                  "code": "const obj = {\n  feeType: 'jim',\n}\nconst res = BankingProductFee.validate(obj);\nconst { error } = res;\nconsole.log(error)\nexpect(error).to.be.true;",
                  "err": {
                    "message": "AssertionError: expected [ValidationError: \"name\" is required] to be true",
                    "estack": "AssertionError: expected [ValidationError: \"name\" is required] to be true\n    at Context.<anonymous> (file:///C:/Users/Administrator/OneDrive/%E6%A1%8C%E9%9D%A2/API%20Testing/banking-api-tests/test/schema.test.js:13:26)\n    at processImmediate (internal/timers.js:461:21)",
                    "diff": null
                  },
                  "uuid": "dac7ef92-3d5a-4d76-b61e-7cf501ac7d84",
                  "parentUUID": "d7b841fc-dc2e-4a67-ae6a-fc60dc5aacbf",
                  "isHook": false,
                  "skipped": false
                }
              ],
              "suites": [],
              "passes": [],
              "failures": [
                "dac7ef92-3d5a-4d76-b61e-7cf501ac7d84"
              ],
              "pending": [],
              "skipped": [],
              "duration": 15,
              "root": false,
              "rootEmpty": false,
              "_timeout": 5000
            }
          ],
          "passes": [],
          "failures": [],
          "pending": [],
          "skipped": [],
          "duration": 0,
          "root": false,
          "rootEmpty": false,
          "_timeout": 5000
        }
      ],
      "passes": [],
      "failures": [],
      "pending": [],
      "skipped": [],
      "duration": 0,
      "root": true,
      "rootEmpty": true,
      "_timeout": 5000
    }
  ],
  "meta": {
    "mocha": {
      "version": "8.3.2"
    },
    "mochawesome": {
      "options": {
        "quiet": false,
        "reportFilename": "mochawesome",
        "saveHtml": true,
        "saveJson": true,
        "consoleReporter": "spec",
        "useInlineDiffs": false,
        "code": true
      },
      "version": "6.2.2"
    },
    "marge": {
      "options": null,
      "version": "5.2.0"
    }
  }
}